# JRE version: Java(TM) SE Runtime Environment (8.0_161-b12) (build 1.8.0_161-b12)
# Java VM: Java HotSpot(TM) 64-Bit Server VM (25.161-b12 mixed mode linux-amd64 compressed oops)
Heap:
 PSYoungGen      total 526848K, used 8762K [0x000000076d200000, 0x000000078df00000, 0x00000007c0000000)
  eden space 516096K, 0% used [0x000000076d200000,0x000000076d200000,0x000000078ca00000)
  from space 10752K, 81% used [0x000000078ca00000,0x000000078d28ead8,0x000000078d480000)
  to   space 10752K, 0% used [0x000000078d480000,0x000000078d480000,0x000000078df00000)
 ParOldGen       total 171008K, used 1498K [0x00000006c7600000, 0x00000006d1d00000, 0x000000076d200000)
  object space 171008K, 0% used [0x00000006c7600000,0x00000006c7776ac0,0x00000006d1d00000)
 Metaspace       used 5133K, capacity 5569K, committed 5760K, reserved 1056768K
  class space    used 493K, capacity 528K, committed 640K, reserved 1048576K
GC Heap History (10 events):
Event: 0.969 GC heap after
Heap after GC invocations=2 (full 0):
 PSYoungGen      total 139264K, used 8537K [0x000000076d200000, 0x0000000776400000, 0x00000007c0000000)
  eden space 129024K, 0% used [0x000000076d200000,0x000000076d200000,0x0000000775000000)
  from space 10240K, 83% used [0x0000000775a00000,0x0000000776256770,0x0000000776400000)
  to   space 10240K, 0% used [0x0000000775000000,0x0000000775000000,0x0000000775a00000)
 ParOldGen       total 171008K, used 16K [0x00000006c7600000, 0x00000006d1d00000, 0x000000076d200000)
  object space 171008K, 0% used [0x00000006c7600000,0x00000006c7604000,0x00000006d1d00000)
 Metaspace       used 5070K, capacity 5505K, committed 5760K, reserved 1056768K
  class space    used 493K, capacity 528K, committed 640K, reserved 1048576K
}
Event: 1.439 GC heap before
{Heap before GC invocations=3 (full 0):
 PSYoungGen      total 139264K, used 137561K [0x000000076d200000, 0x0000000776400000, 0x00000007c0000000)
  eden space 129024K, 100% used [0x000000076d200000,0x0000000775000000,0x0000000775000000)
  from space 10240K, 83% used [0x0000000775a00000,0x0000000776256770,0x0000000776400000)
  to   space 10240K, 0% used [0x0000000775000000,0x0000000775000000,0x0000000775a00000)
 ParOldGen       total 171008K, used 16K [0x00000006c7600000, 0x00000006d1d00000, 0x000000076d200000)
  object space 171008K, 0% used [0x00000006c7600000,0x00000006c7604000,0x00000006d1d00000)
 Metaspace       used 5081K, capacity 5505K, committed 5760K, reserved 1056768K
  class space    used 493K, capacity 528K, committed 640K, reserved 1048576K
Event: 1.447 GC heap after
Heap after GC invocations=3 (full 0):
 PSYoungGen      total 139264K, used 8541K [0x000000076d200000, 0x000000077e200000, 0x00000007c0000000)
  eden space 129024K, 0% used [0x000000076d200000,0x000000076d200000,0x0000000775000000)
  from space 10240K, 83% used [0x0000000775000000,0x0000000775857518,0x0000000775a00000)
  to   space 10240K, 0% used [0x000000077d800000,0x000000077d800000,0x000000077e200000)
 ParOldGen       total 171008K, used 24K [0x00000006c7600000, 0x00000006d1d00000, 0x000000076d200000)
  object space 171008K, 0% used [0x00000006c7600000,0x00000006c7606000,0x00000006d1d00000)
 Metaspace       used 5081K, capacity 5505K, committed 5760K, reserved 1056768K
  class space    used 493K, capacity 528K, committed 640K, reserved 1048576K
}
Event: 2.285 GC heap before
{Heap before GC invocations=4 (full 0):
 PSYoungGen      total 139264K, used 137565K [0x000000076d200000, 0x000000077e200000, 0x00000007c0000000)
  eden space 129024K, 100% used [0x000000076d200000,0x0000000775000000,0x0000000775000000)
  from space 10240K, 83% used [0x0000000775000000,0x0000000775857518,0x0000000775a00000)
  to   space 10240K, 0% used [0x000000077d800000,0x000000077d800000,0x000000077e200000)
 ParOldGen       total 171008K, used 24K [0x00000006c7600000, 0x00000006d1d00000, 0x000000076d200000)
  object space 171008K, 0% used [0x00000006c7600000,0x00000006c7606000,0x00000006d1d00000)
 Metaspace       used 5086K, capacity 5569K, committed 5760K, reserved 1056768K
  class space    used 493K, capacity 528K, committed 640K, reserved 1048576K
Event: 2.293 GC heap after
Heap after GC invocations=4 (full 0):
 PSYoungGen      total 268288K, used 9177K [0x000000076d200000, 0x000000077e200000, 0x00000007c0000000)
  eden space 258048K, 0% used [0x000000076d200000,0x000000076d200000,0x000000077ce00000)
  from space 10240K, 89% used [0x000000077d800000,0x000000077e0f66a0,0x000000077e200000)
  to   space 10240K, 0% used [0x000000077ce00000,0x000000077ce00000,0x000000077d800000)
 ParOldGen       total 171008K, used 32K [0x00000006c7600000, 0x00000006d1d00000, 0x000000076d200000)
  object space 171008K, 0% used [0x00000006c7600000,0x00000006c7608000,0x00000006d1d00000)
 Metaspace       used 5086K, capacity 5569K, committed 5760K, reserved 1056768K
  class space    used 493K, capacity 528K, committed 640K, reserved 1048576K
}
Event: 3.500 GC heap before
{Heap before GC invocations=5 (full 0):
 PSYoungGen      total 268288K, used 267225K [0x000000076d200000, 0x000000077e200000, 0x00000007c0000000)
  eden space 258048K, 100% used [0x000000076d200000,0x000000077ce00000,0x000000077ce00000)
  from space 10240K, 89% used [0x000000077d800000,0x000000077e0f66a0,0x000000077e200000)
  to   space 10240K, 0% used [0x000000077ce00000,0x000000077ce00000,0x000000077d800000)
 ParOldGen       total 171008K, used 32K [0x00000006c7600000, 0x00000006d1d00000, 0x000000076d200000)
  object space 171008K, 0% used [0x00000006c7600000,0x00000006c7608000,0x00000006d1d00000)
 Metaspace       used 5089K, capacity 5569K, committed 5760K, reserved 1056768K
  class space    used 493K, capacity 528K, committed 640K, reserved 1048576K
Event: 3.507 GC heap after
Heap after GC invocations=5 (full 0):
 PSYoungGen      total 268288K, used 9930K [0x000000076d200000, 0x000000078df00000, 0x00000007c0000000)
  eden space 258048K, 0% used [0x000000076d200000,0x000000076d200000,0x000000077ce00000)
  from space 10240K, 96% used [0x000000077ce00000,0x000000077d7b2b48,0x000000077d800000)
  to   space 10752K, 0% used [0x000000078d480000,0x000000078d480000,0x000000078df00000)
 ParOldGen       total 171008K, used 40K [0x00000006c7600000, 0x00000006d1d00000, 0x000000076d200000)
  object space 171008K, 0% used [0x00000006c7600000,0x00000006c760a000,0x00000006d1d00000)
 Metaspace       used 5089K, capacity 5569K, committed 5760K, reserved 1056768K
  class space    used 493K, capacity 528K, committed 640K, reserved 1048576K
}
Event: 4.689 GC heap before
{Heap before GC invocations=6 (full 0):
 PSYoungGen      total 268288K, used 267978K [0x000000076d200000, 0x000000078df00000, 0x00000007c0000000)
  eden space 258048K, 100% used [0x000000076d200000,0x000000077ce00000,0x000000077ce00000)
  from space 10240K, 96% used [0x000000077ce00000,0x000000077d7b2b48,0x000000077d800000)
  to   space 10752K, 0% used [0x000000078d480000,0x000000078d480000,0x000000078df00000)
 ParOldGen       total 171008K, used 40K [0x00000006c7600000, 0x00000006d1d00000, 0x000000076d200000)
  object space 171008K, 0% used [0x00000006c7600000,0x00000006c760a000,0x00000006d1d00000)
 Metaspace       used 5129K, capacity 5569K, committed 5760K, reserved 1056768K
  class space    used 493K, capacity 528K, committed 640K, reserved 1048576K
Event: 4.698 GC heap after
Heap after GC invocations=6 (full 0):
 PSYoungGen      total 526848K, used 9962K [0x000000076d200000, 0x000000078df00000, 0x00000007c0000000)
  eden space 516096K, 0% used [0x000000076d200000,0x000000076d200000,0x000000078ca00000)
  from space 10752K, 92% used [0x000000078d480000,0x000000078de3ab48,0x000000078df00000)
  to   space 10752K, 0% used [0x000000078ca00000,0x000000078ca00000,0x000000078d480000)
 ParOldGen       total 171008K, used 48K [0x00000006c7600000, 0x00000006d1d00000, 0x000000076d200000)
  object space 171008K, 0% used [0x00000006c7600000,0x00000006c760c000,0x00000006d1d00000)
 Metaspace       used 5129K, capacity 5569K, committed 5760K, reserved 1056768K
  class space    used 493K, capacity 528K, committed 640K, reserved 1048576K
}
Event: 6.953 GC heap before
{Heap before GC invocations=7 (full 0):
 PSYoungGen      total 526848K, used 526058K [0x000000076d200000, 0x000000078df00000, 0x00000007c0000000)
  eden space 516096K, 100% used [0x000000076d200000,0x000000078ca00000,0x000000078ca00000)
  from space 10752K, 92% used [0x000000078d480000,0x000000078de3ab48,0x000000078df00000)
  to   space 10752K, 0% used [0x000000078ca00000,0x000000078ca00000,0x000000078d480000)
 ParOldGen       total 171008K, used 48K [0x00000006c7600000, 0x00000006d1d00000, 0x000000076d200000)
  object space 171008K, 0% used [0x00000006c7600000,0x00000006c760c000,0x00000006d1d00000)
 Metaspace       used 5133K, capacity 5569K, committed 5760K, reserved 1056768K
  class space    used 493K, capacity 528K, committed 640K, reserved 1048576K

