# JRE version: Java(TM) SE Runtime Environment (8.0_161-b12) (build 1.8.0_161-b12)
# Java VM: Java HotSpot(TM) 64-Bit Server VM (25.161-b12 mixed mode linux-amd64 compressed oops)
Heap:
 PSYoungGen      total 526848K, used 8767K [0x000000076d200000, 0x000000078e000000, 0x00000007c0000000)
  eden space 515584K, 0% used [0x000000076d200000,0x000000076d200000,0x000000078c980000)
  from space 11264K, 77% used [0x000000078c980000,0x000000078d20fd50,0x000000078d480000)
  to   space 10752K, 0% used [0x000000078d480000,0x000000078d480000,0x000000078df00000)
 ParOldGen       total 171008K, used 1496K [0x00000006c7600000, 0x00000006d1d00000, 0x000000076d200000)
  object space 171008K, 0% used [0x00000006c7600000,0x00000006c77761a0,0x00000006d1d00000)
 Metaspace       used 5139K, capacity 5569K, committed 5760K, reserved 1056768K
  class space    used 493K, capacity 528K, committed 640K, reserved 1048576K
GC Heap History (10 events):
Event: 1.062 GC heap after
Heap after GC invocations=2 (full 0):
 PSYoungGen      total 139264K, used 8489K [0x000000076d200000, 0x0000000776400000, 0x00000007c0000000)
  eden space 129024K, 0% used [0x000000076d200000,0x000000076d200000,0x0000000775000000)
  from space 10240K, 82% used [0x0000000775a00000,0x000000077624a780,0x0000000776400000)
  to   space 10240K, 0% used [0x0000000775000000,0x0000000775000000,0x0000000775a00000)
 ParOldGen       total 171008K, used 16K [0x00000006c7600000, 0x00000006d1d00000, 0x000000076d200000)
  object space 171008K, 0% used [0x00000006c7600000,0x00000006c7604000,0x00000006d1d00000)
 Metaspace       used 5072K, capacity 5505K, committed 5760K, reserved 1056768K
  class space    used 493K, capacity 528K, committed 640K, reserved 1048576K
}
Event: 2.591 GC heap before
{Heap before GC invocations=3 (full 0):
 PSYoungGen      total 139264K, used 137513K [0x000000076d200000, 0x0000000776400000, 0x00000007c0000000)
  eden space 129024K, 100% used [0x000000076d200000,0x0000000775000000,0x0000000775000000)
  from space 10240K, 82% used [0x0000000775a00000,0x000000077624a780,0x0000000776400000)
  to   space 10240K, 0% used [0x0000000775000000,0x0000000775000000,0x0000000775a00000)
 ParOldGen       total 171008K, used 16K [0x00000006c7600000, 0x00000006d1d00000, 0x000000076d200000)
  object space 171008K, 0% used [0x00000006c7600000,0x00000006c7604000,0x00000006d1d00000)
 Metaspace       used 5083K, capacity 5505K, committed 5760K, reserved 1056768K
  class space    used 493K, capacity 528K, committed 640K, reserved 1048576K
Event: 2.598 GC heap after
Heap after GC invocations=3 (full 0):
 PSYoungGen      total 139264K, used 8637K [0x000000076d200000, 0x000000077e200000, 0x00000007c0000000)
  eden space 129024K, 0% used [0x000000076d200000,0x000000076d200000,0x0000000775000000)
  from space 10240K, 84% used [0x0000000775000000,0x000000077586f4f8,0x0000000775a00000)
  to   space 10240K, 0% used [0x000000077d800000,0x000000077d800000,0x000000077e200000)
 ParOldGen       total 171008K, used 24K [0x00000006c7600000, 0x00000006d1d00000, 0x000000076d200000)
  object space 171008K, 0% used [0x00000006c7600000,0x00000006c7606000,0x00000006d1d00000)
 Metaspace       used 5083K, capacity 5505K, committed 5760K, reserved 1056768K
  class space    used 493K, capacity 528K, committed 640K, reserved 1048576K
}
Event: 3.389 GC heap before
{Heap before GC invocations=4 (full 0):
 PSYoungGen      total 139264K, used 137661K [0x000000076d200000, 0x000000077e200000, 0x00000007c0000000)
  eden space 129024K, 100% used [0x000000076d200000,0x0000000775000000,0x0000000775000000)
  from space 10240K, 84% used [0x0000000775000000,0x000000077586f4f8,0x0000000775a00000)
  to   space 10240K, 0% used [0x000000077d800000,0x000000077d800000,0x000000077e200000)
 ParOldGen       total 171008K, used 24K [0x00000006c7600000, 0x00000006d1d00000, 0x000000076d200000)
  object space 171008K, 0% used [0x00000006c7600000,0x00000006c7606000,0x00000006d1d00000)
 Metaspace       used 5091K, capacity 5569K, committed 5760K, reserved 1056768K
  class space    used 493K, capacity 528K, committed 640K, reserved 1048576K
Event: 3.441 GC heap after
Heap after GC invocations=4 (full 0):
 PSYoungGen      total 268288K, used 9129K [0x000000076d200000, 0x000000077e200000, 0x00000007c0000000)
  eden space 258048K, 0% used [0x000000076d200000,0x000000076d200000,0x000000077ce00000)
  from space 10240K, 89% used [0x000000077d800000,0x000000077e0ea6b0,0x000000077e200000)
  to   space 10240K, 0% used [0x000000077ce00000,0x000000077ce00000,0x000000077d800000)
 ParOldGen       total 171008K, used 24K [0x00000006c7600000, 0x00000006d1d00000, 0x000000076d200000)
  object space 171008K, 0% used [0x00000006c7600000,0x00000006c7606000,0x00000006d1d00000)
 Metaspace       used 5091K, capacity 5569K, committed 5760K, reserved 1056768K
  class space    used 493K, capacity 528K, committed 640K, reserved 1048576K
}
Event: 5.397 GC heap before
{Heap before GC invocations=5 (full 0):
 PSYoungGen      total 268288K, used 267177K [0x000000076d200000, 0x000000077e200000, 0x00000007c0000000)
  eden space 258048K, 100% used [0x000000076d200000,0x000000077ce00000,0x000000077ce00000)
  from space 10240K, 89% used [0x000000077d800000,0x000000077e0ea6b0,0x000000077e200000)
  to   space 10240K, 0% used [0x000000077ce00000,0x000000077ce00000,0x000000077d800000)
 ParOldGen       total 171008K, used 24K [0x00000006c7600000, 0x00000006d1d00000, 0x000000076d200000)
  object space 171008K, 0% used [0x00000006c7600000,0x00000006c7606000,0x00000006d1d00000)
 Metaspace       used 5094K, capacity 5569K, committed 5760K, reserved 1056768K
  class space    used 493K, capacity 528K, committed 640K, reserved 1048576K
Event: 5.434 GC heap after
Heap after GC invocations=5 (full 0):
 PSYoungGen      total 268288K, used 9946K [0x000000076d200000, 0x000000078df00000, 0x00000007c0000000)
  eden space 258048K, 0% used [0x000000076d200000,0x000000076d200000,0x000000077ce00000)
  from space 10240K, 97% used [0x000000077ce00000,0x000000077d7b6b58,0x000000077d800000)
  to   space 10752K, 0% used [0x000000078d480000,0x000000078d480000,0x000000078df00000)
 ParOldGen       total 171008K, used 32K [0x00000006c7600000, 0x00000006d1d00000, 0x000000076d200000)
  object space 171008K, 0% used [0x00000006c7600000,0x00000006c7608000,0x00000006d1d00000)
 Metaspace       used 5094K, capacity 5569K, committed 5760K, reserved 1056768K
  class space    used 493K, capacity 528K, committed 640K, reserved 1048576K
}
Event: 6.708 GC heap before
{Heap before GC invocations=6 (full 0):
 PSYoungGen      total 268288K, used 267994K [0x000000076d200000, 0x000000078df00000, 0x00000007c0000000)
  eden space 258048K, 100% used [0x000000076d200000,0x000000077ce00000,0x000000077ce00000)
  from space 10240K, 97% used [0x000000077ce00000,0x000000077d7b6b58,0x000000077d800000)
  to   space 10752K, 0% used [0x000000078d480000,0x000000078d480000,0x000000078df00000)
 ParOldGen       total 171008K, used 32K [0x00000006c7600000, 0x00000006d1d00000, 0x000000076d200000)
  object space 171008K, 0% used [0x00000006c7600000,0x00000006c7608000,0x00000006d1d00000)
 Metaspace       used 5134K, capacity 5569K, committed 5760K, reserved 1056768K
  class space    used 493K, capacity 528K, committed 640K, reserved 1048576K
Event: 6.716 GC heap after
Heap after GC invocations=6 (full 0):
 PSYoungGen      total 526336K, used 10026K [0x000000076d200000, 0x000000078e000000, 0x00000007c0000000)
  eden space 515584K, 0% used [0x000000076d200000,0x000000076d200000,0x000000078c980000)
  from space 10752K, 93% used [0x000000078d480000,0x000000078de4ab48,0x000000078df00000)
  to   space 11264K, 0% used [0x000000078c980000,0x000000078c980000,0x000000078d480000)
 ParOldGen       total 171008K, used 40K [0x00000006c7600000, 0x00000006d1d00000, 0x000000076d200000)
  object space 171008K, 0% used [0x00000006c7600000,0x00000006c760a000,0x00000006d1d00000)
 Metaspace       used 5134K, capacity 5569K, committed 5760K, reserved 1056768K
  class space    used 493K, capacity 528K, committed 640K, reserved 1048576K
}
Event: 8.904 GC heap before
{Heap before GC invocations=7 (full 0):
 PSYoungGen      total 526336K, used 525610K [0x000000076d200000, 0x000000078e000000, 0x00000007c0000000)
  eden space 515584K, 100% used [0x000000076d200000,0x000000078c980000,0x000000078c980000)
  from space 10752K, 93% used [0x000000078d480000,0x000000078de4ab48,0x000000078df00000)
  to   space 11264K, 0% used [0x000000078c980000,0x000000078c980000,0x000000078d480000)
 ParOldGen       total 171008K, used 40K [0x00000006c7600000, 0x00000006d1d00000, 0x000000076d200000)
  object space 171008K, 0% used [0x00000006c7600000,0x00000006c760a000,0x00000006d1d00000)
 Metaspace       used 5139K, capacity 5569K, committed 5760K, reserved 1056768K
  class space    used 493K, capacity 528K, committed 640K, reserved 1048576K

