# JRE version: Java(TM) SE Runtime Environment (8.0_161-b12) (build 1.8.0_161-b12)
# Java VM: Java HotSpot(TM) 64-Bit Server VM (25.161-b12 mixed mode linux-amd64 compressed oops)
Heap:
 PSYoungGen      total 529408K, used 12300K [0x000000076d200000, 0x000000078e600000, 0x00000007c0000000)
  eden space 514560K, 0% used [0x000000076d200000,0x000000076d200000,0x000000078c880000)
  from space 14848K, 82% used [0x000000078c880000,0x000000078d483010,0x000000078d700000)
  to   space 14336K, 0% used [0x000000078d700000,0x000000078d700000,0x000000078e500000)
 ParOldGen       total 171008K, used 14466K [0x00000006c7600000, 0x00000006d1d00000, 0x000000076d200000)
  object space 171008K, 8% used [0x00000006c7600000,0x00000006c8420bd8,0x00000006d1d00000)
 Metaspace       used 5140K, capacity 5569K, committed 5760K, reserved 1056768K
  class space    used 493K, capacity 528K, committed 640K, reserved 1048576K
GC Heap History (10 events):
Event: 2.153 GC heap after
Heap after GC invocations=4 (full 0):
 PSYoungGen      total 139264K, used 8605K [0x000000076d200000, 0x0000000776400000, 0x00000007c0000000)
  eden space 129024K, 0% used [0x000000076d200000,0x000000076d200000,0x0000000775000000)
  from space 10240K, 84% used [0x0000000775a00000,0x0000000776267518,0x0000000776400000)
  to   space 10240K, 0% used [0x0000000775000000,0x0000000775000000,0x0000000775a00000)
 ParOldGen       total 171008K, used 32K [0x00000006c7600000, 0x00000006d1d00000, 0x000000076d200000)
  object space 171008K, 0% used [0x00000006c7600000,0x00000006c7608000,0x00000006d1d00000)
 Metaspace       used 5084K, capacity 5505K, committed 5760K, reserved 1056768K
  class space    used 493K, capacity 528K, committed 640K, reserved 1048576K
}
Event: 2.861 GC heap before
{Heap before GC invocations=5 (full 0):
 PSYoungGen      total 139264K, used 137629K [0x000000076d200000, 0x0000000776400000, 0x00000007c0000000)
  eden space 129024K, 100% used [0x000000076d200000,0x0000000775000000,0x0000000775000000)
  from space 10240K, 84% used [0x0000000775a00000,0x0000000776267518,0x0000000776400000)
  to   space 10240K, 0% used [0x0000000775000000,0x0000000775000000,0x0000000775a00000)
 ParOldGen       total 171008K, used 32K [0x00000006c7600000, 0x00000006d1d00000, 0x000000076d200000)
  object space 171008K, 0% used [0x00000006c7600000,0x00000006c7608000,0x00000006d1d00000)
 Metaspace       used 5092K, capacity 5569K, committed 5760K, reserved 1056768K
  class space    used 493K, capacity 528K, committed 640K, reserved 1048576K
Event: 2.868 GC heap after
Heap after GC invocations=5 (full 0):
 PSYoungGen      total 139264K, used 9146K [0x000000076d200000, 0x000000077e100000, 0x00000007c0000000)
  eden space 129024K, 0% used [0x000000076d200000,0x000000076d200000,0x0000000775000000)
  from space 10240K, 89% used [0x0000000775000000,0x00000007758ee840,0x0000000775a00000)
  to   space 9728K, 0% used [0x000000077d780000,0x000000077d780000,0x000000077e100000)
 ParOldGen       total 171008K, used 40K [0x00000006c7600000, 0x00000006d1d00000, 0x000000076d200000)
  object space 171008K, 0% used [0x00000006c7600000,0x00000006c760a000,0x00000006d1d00000)
 Metaspace       used 5092K, capacity 5569K, committed 5760K, reserved 1056768K
  class space    used 493K, capacity 528K, committed 640K, reserved 1048576K
}
Event: 3.611 GC heap before
{Heap before GC invocations=6 (full 0):
 PSYoungGen      total 139264K, used 138170K [0x000000076d200000, 0x000000077e100000, 0x00000007c0000000)
  eden space 129024K, 100% used [0x000000076d200000,0x0000000775000000,0x0000000775000000)
  from space 10240K, 89% used [0x0000000775000000,0x00000007758ee840,0x0000000775a00000)
  to   space 9728K, 0% used [0x000000077d780000,0x000000077d780000,0x000000077e100000)
 ParOldGen       total 171008K, used 40K [0x00000006c7600000, 0x00000006d1d00000, 0x000000076d200000)
  object space 171008K, 0% used [0x00000006c7600000,0x00000006c760a000,0x00000006d1d00000)
 Metaspace       used 5095K, capacity 5569K, committed 5760K, reserved 1056768K
  class space    used 493K, capacity 528K, committed 640K, reserved 1048576K
Event: 3.616 GC heap after
Heap after GC invocations=6 (full 0):
 PSYoungGen      total 267264K, used 9725K [0x000000076d200000, 0x000000077e200000, 0x00000007c0000000)
  eden space 257536K, 0% used [0x000000076d200000,0x000000076d200000,0x000000077cd80000)
  from space 9728K, 99% used [0x000000077d780000,0x000000077e0ff470,0x000000077e100000)
  to   space 10240K, 0% used [0x000000077cd80000,0x000000077cd80000,0x000000077d780000)
 ParOldGen       total 171008K, used 224K [0x00000006c7600000, 0x00000006d1d00000, 0x000000076d200000)
  object space 171008K, 0% used [0x00000006c7600000,0x00000006c7638000,0x00000006d1d00000)
 Metaspace       used 5095K, capacity 5569K, committed 5760K, reserved 1056768K
  class space    used 493K, capacity 528K, committed 640K, reserved 1048576K
}
Event: 4.583 GC heap before
{Heap before GC invocations=7 (full 0):
 PSYoungGen      total 267264K, used 267261K [0x000000076d200000, 0x000000077e200000, 0x00000007c0000000)
  eden space 257536K, 100% used [0x000000076d200000,0x000000077cd80000,0x000000077cd80000)
  from space 9728K, 99% used [0x000000077d780000,0x000000077e0ff470,0x000000077e100000)
  to   space 10240K, 0% used [0x000000077cd80000,0x000000077cd80000,0x000000077d780000)
 ParOldGen       total 171008K, used 224K [0x00000006c7600000, 0x00000006d1d00000, 0x000000076d200000)
  object space 171008K, 0% used [0x00000006c7600000,0x00000006c7638000,0x00000006d1d00000)
 Metaspace       used 5134K, capacity 5569K, committed 5760K, reserved 1056768K
  class space    used 493K, capacity 528K, committed 640K, reserved 1048576K
Event: 4.609 GC heap after
Heap after GC invocations=7 (full 0):
 PSYoungGen      total 267776K, used 10224K [0x000000076d200000, 0x000000078e500000, 0x00000007c0000000)
  eden space 257536K, 0% used [0x000000076d200000,0x000000076d200000,0x000000077cd80000)
  from space 10240K, 99% used [0x000000077cd80000,0x000000077d77c318,0x000000077d780000)
  to   space 14336K, 0% used [0x000000078d700000,0x000000078d700000,0x000000078e500000)
 ParOldGen       total 171008K, used 7296K [0x00000006c7600000, 0x00000006d1d00000, 0x000000076d200000)
  object space 171008K, 4% used [0x00000006c7600000,0x00000006c7d200c8,0x00000006d1d00000)
 Metaspace       used 5134K, capacity 5569K, committed 5760K, reserved 1056768K
  class space    used 493K, capacity 528K, committed 640K, reserved 1048576K
}
Event: 5.256 GC heap before
{Heap before GC invocations=8 (full 0):
 PSYoungGen      total 267776K, used 267760K [0x000000076d200000, 0x000000078e500000, 0x00000007c0000000)
  eden space 257536K, 100% used [0x000000076d200000,0x000000077cd80000,0x000000077cd80000)
  from space 10240K, 99% used [0x000000077cd80000,0x000000077d77c318,0x000000077d780000)
  to   space 14336K, 0% used [0x000000078d700000,0x000000078d700000,0x000000078e500000)
 ParOldGen       total 171008K, used 7296K [0x00000006c7600000, 0x00000006d1d00000, 0x000000076d200000)
  object space 171008K, 4% used [0x00000006c7600000,0x00000006c7d200c8,0x00000006d1d00000)
 Metaspace       used 5134K, capacity 5569K, committed 5760K, reserved 1056768K
  class space    used 493K, capacity 528K, committed 640K, reserved 1048576K
Event: 5.261 GC heap after
Heap after GC invocations=8 (full 0):
 PSYoungGen      total 528896K, used 12325K [0x000000076d200000, 0x000000078e600000, 0x00000007c0000000)
  eden space 514560K, 0% used [0x000000076d200000,0x000000076d200000,0x000000078c880000)
  from space 14336K, 85% used [0x000000078d700000,0x000000078e3094c0,0x000000078e500000)
  to   space 14848K, 0% used [0x000000078c880000,0x000000078c880000,0x000000078d700000)
 ParOldGen       total 171008K, used 7304K [0x00000006c7600000, 0x00000006d1d00000, 0x000000076d200000)
  object space 171008K, 4% used [0x00000006c7600000,0x00000006c7d220c8,0x00000006d1d00000)
 Metaspace       used 5134K, capacity 5569K, committed 5760K, reserved 1056768K
  class space    used 493K, capacity 528K, committed 640K, reserved 1048576K
}
Event: 9.391 GC heap before
{Heap before GC invocations=9 (full 0):
 PSYoungGen      total 528896K, used 526885K [0x000000076d200000, 0x000000078e600000, 0x00000007c0000000)
  eden space 514560K, 100% used [0x000000076d200000,0x000000078c880000,0x000000078c880000)
  from space 14336K, 85% used [0x000000078d700000,0x000000078e3094c0,0x000000078e500000)
  to   space 14848K, 0% used [0x000000078c880000,0x000000078c880000,0x000000078d700000)
 ParOldGen       total 171008K, used 7304K [0x00000006c7600000, 0x00000006d1d00000, 0x000000076d200000)
  object space 171008K, 4% used [0x00000006c7600000,0x00000006c7d220c8,0x00000006d1d00000)
 Metaspace       used 5140K, capacity 5569K, committed 5760K, reserved 1056768K
  class space    used 493K, capacity 528K, committed 640K, reserved 1048576K

